Build started 9/8/2015 2:54:07 PM.
     1>Project "C:\Users\Jeremy\Documents\GitHub\EECS-366-Assignment-2\as2_template\as2\as2.vcxproj" on node 2 (Build target(s)).
     1>ClCompile:
         C:\Program Files (x86)\Microsoft Visual Studio 14.0\VC\bin\CL.exe /c /ZI /nologo /W3 /WX- /Od /Oy- /D WIN32 /D _DEBUG /D _CONSOLE /D _UNICODE /D UNICODE /Gm /EHsc /RTC1 /MDd /GS /fp:precise /Zc:wchar_t /Zc:forScope /Zc:inline /Fo"Debug\\" /Fd"Debug\vc140.pdb" /Gd /TP /analyze- /errorReport:prompt as2.cpp
         as2.cpp
     1>c:\users\jeremy\documents\github\eecs-366-assignment-2\as2_template\as2\as2.cpp(65): warning C4996: 'fopen': This function or variable may be unsafe. Consider using fopen_s instead. To disable deprecation, use _CRT_SECURE_NO_WARNINGS. See online help for details.
         c:\program files (x86)\windows kits\10\include\10.0.10150.0\ucrt\stdio.h(205): note: see declaration of 'fopen'
     1>c:\users\jeremy\documents\github\eecs-366-assignment-2\as2_template\as2\as2.cpp(74): warning C4996: 'fscanf': This function or variable may be unsafe. Consider using fscanf_s instead. To disable deprecation, use _CRT_SECURE_NO_WARNINGS. See online help for details.
         c:\program files (x86)\windows kits\10\include\10.0.10150.0\ucrt\stdio.h(1193): note: see declaration of 'fscanf'
     1>c:\users\jeremy\documents\github\eecs-366-assignment-2\as2_template\as2\as2.cpp(95): warning C4996: 'fopen': This function or variable may be unsafe. Consider using fopen_s instead. To disable deprecation, use _CRT_SECURE_NO_WARNINGS. See online help for details.
         c:\program files (x86)\windows kits\10\include\10.0.10150.0\ucrt\stdio.h(205): note: see declaration of 'fopen'
     1>c:\users\jeremy\documents\github\eecs-366-assignment-2\as2_template\as2\as2.cpp(100): warning C4996: 'fscanf': This function or variable may be unsafe. Consider using fscanf_s instead. To disable deprecation, use _CRT_SECURE_NO_WARNINGS. See online help for details.
         c:\program files (x86)\windows kits\10\include\10.0.10150.0\ucrt\stdio.h(1193): note: see declaration of 'fscanf'
     1>c:\users\jeremy\documents\github\eecs-366-assignment-2\as2_template\as2\as2.cpp(109): warning C4996: 'fscanf': This function or variable may be unsafe. Consider using fscanf_s instead. To disable deprecation, use _CRT_SECURE_NO_WARNINGS. See online help for details.
         c:\program files (x86)\windows kits\10\include\10.0.10150.0\ucrt\stdio.h(1193): note: see declaration of 'fscanf'
       Link:
         C:\Program Files (x86)\Microsoft Visual Studio 14.0\VC\bin\link.exe /ERRORREPORT:PROMPT /OUT:"C:\Users\Jeremy\Documents\GitHub\EECS-366-Assignment-2\as2_template\as2\Debug\as2.exe" /INCREMENTAL /NOLOGO glut32.lib glu32.lib opengl32.lib kernel32.lib user32.lib gdi32.lib winspool.lib comdlg32.lib advapi32.lib shell32.lib ole32.lib oleaut32.lib uuid.lib odbc32.lib odbccp32.lib opengl32.lib glut32.lib glu32.lib kernel32.lib user32.lib gdi32.lib winspool.lib comdlg32.lib advapi32.lib shell32.lib ole32.lib oleaut32.lib uuid.lib odbc32.lib odbccp32.lib /MANIFEST /MANIFESTUAC:"level='asInvoker' uiAccess='false'" /manifest:embed /Debug /PDB:"C:\Users\Jeremy\Documents\GitHub\EECS-366-Assignment-2\as2_template\as2\Debug\as2.pdb" /SUBSYSTEM:CONSOLE /TLBID:1 /DYNAMICBASE /NXCOMPAT /IMPLIB:"C:\Users\Jeremy\Documents\GitHub\EECS-366-Assignment-2\as2_template\as2\Debug\as2.lib" /MACHINE:X86 Debug\as2.obj
         as2.vcxproj -> C:\Users\Jeremy\Documents\GitHub\EECS-366-Assignment-2\as2_template\as2\Debug\as2.exe
     1>Done Building Project "C:\Users\Jeremy\Documents\GitHub\EECS-366-Assignment-2\as2_template\as2\as2.vcxproj" (Build target(s)).

Build succeeded.

Time Elapsed 00:00:00.46
